[0526/123541.904:ERROR:process_reader_win.cc(142)] SuspendThread: 拒绝访问。 (0x5)
[0526/123541.905:ERROR:exception_snapshot_win.cc(87)] thread ID 10572 not found in process
[0526/123541.905:WARNING:crash_report_exception_handler.cc(60)] ProcessSnapshotWin::Initialize failed
[0526/123541.905:ERROR:scoped_process_suspend.cc(38)] NtResumeProcess: 已尝试访问正在退出的过程。  (0xc000010a)
[0526/142802.561:ERROR:process_reader_win.cc(233)] ReadMemory at 0x5710048 of 32768 bytes failed: 仅完成部分的 ReadProcessMemory 或 WriteProcessMemory 请求。 (0x12B)
[0526/142802.561:WARNING:pe_image_annotations_reader.cc(65)] could not read simple annotations from C:\Program Files (x86)\Google\Chrome\Application\57.0.2987.133\chrome_elf.dll
[0531/101604.068:ERROR:process_reader_win.cc(233)] ReadMemory at 0x5f30048 of 32768 bytes failed: 仅完成部分的 ReadProcessMemory 或 WriteProcessMemory 请求。 (0x12B)
[0531/101604.082:WARNING:pe_image_annotations_reader.cc(65)] could not read simple annotations from C:\Program Files (x86)\Google\Chrome\Application\57.0.2987.133\chrome_elf.dll
[0531/101604.082:ERROR:process_reader_win.cc(233)] ReadMemory at 0x5ea60000 of 64 bytes failed: 仅完成部分的 ReadProcessMemory 或 WriteProcessMemory 请求。 (0x12B)
[0531/101604.082:WARNING:pe_image_reader.cc(281)] could not read dos header from C:\Windows\SYSTEM32\ninput.dll
[0531/101604.082:ERROR:process_reader_win.cc(233)] ReadMemory at 0x719e0000 of 64 bytes failed: 仅完成部分的 ReadProcessMemory 或 WriteProcessMemory 请求。 (0x12B)
[0531/101604.082:WARNING:pe_image_reader.cc(281)] could not read dos header from C:\Windows\SYSTEM32\WKSCLI.DLL
[0531/101604.082:ERROR:process_reader_win.cc(233)] ReadMemory at 0x668d0000 of 64 bytes failed: 仅完成部分的 ReadProcessMemory 或 WriteProcessMemory 请求。 (0x12B)
[0531/101604.082:WARNING:pe_image_reader.cc(281)] could not read dos header from D:\360\360Safe\safemon\safemon.dll
[0531/101604.082:ERROR:process_reader_win.cc(233)] ReadMemory at 0x66790000 of 64 bytes failed: 仅完成部分的 ReadProcessMemory 或 WriteProcessMemory 请求。 (0x12B)
[0531/101604.082:WARNING:pe_image_reader.cc(281)] could not read dos header from D:\360\360Safe\safemon\iNetSafe.dll
[0531/101604.082:ERROR:process_reader_win.cc(233)] ReadMemory at 0x70850000 of 64 bytes failed: 仅完成部分的 ReadProcessMemory 或 WriteProcessMemory 请求。 (0x12B)
[0531/101604.082:WARNING:pe_image_reader.cc(281)] could not read dos header from C:\Windows\WinSxS\x86_microsoft.windows.common-controls_6595b64144ccf1df_6.0.14393.953_none_89c2555adb023171\COMCTL32.dll
[0531/101604.082:ERROR:process_reader_win.cc(233)] ReadMemory at 0x70430000 of 64 bytes failed: 仅完成部分的 ReadProcessMemory 或 WriteProcessMemory 请求。 (0x12B)
[0531/101604.082:WARNING:pe_image_reader.cc(281)] could not read dos header from C:\Windows\SYSTEM32\dbghelp.dll
[0531/101604.082:ERROR:process_reader_win.cc(233)] ReadMemory at 0x6cb30000 of 64 bytes failed: 仅完成部分的 ReadProcessMemory 或 WriteProcessMemory 请求。 (0x12B)
[0531/101604.082:WARNING:pe_image_reader.cc(281)] could not read dos header from C:\Windows\SYSTEM32\DWrite.dll
[0531/101604.082:ERROR:process_reader_win.cc(233)] ReadMemory at 0x70010000 of 64 bytes failed: 仅完成部分的 ReadProcessMemory 或 WriteProcessMemory 请求。 (0x12B)
[0531/101604.082:WARNING:pe_image_reader.cc(281)] could not read dos header from C:\Windows\SYSTEM32\FONTSUB.dll
[0531/101604.083:ERROR:process_reader_win.cc(233)] ReadMemory at 0x53170000 of 64 bytes failed: 仅完成部分的 ReadProcessMemory 或 WriteProcessMemory 请求。 (0x12B)
[0531/101604.083:WARNING:pe_image_reader.cc(281)] could not read dos header from C:\Program Files (x86)\Google\Chrome\Application\57.0.2987.133\chrome_child.dll
[0531/101604.100:ERROR:process_reader_win.cc(233)] ReadMemory at 0x4ff6000 of 40960 bytes failed: 仅完成部分的 ReadProcessMemory 或 WriteProcessMemory 请求。 (0x12B)
[0531/101604.100:ERROR:crash_report_exception_handler.cc(111)] WriteEverything failed
[0531/101604.101:ERROR:scoped_process_suspend.cc(38)] NtResumeProcess: 已尝试访问正在退出的过程。  (0xc000010a)
[0531/104703.177:ERROR:process_reader_win.cc(142)] SuspendThread: 拒绝访问。 (0x5)
[0531/104703.177:ERROR:process_reader_win.cc(142)] SuspendThread: 拒绝访问。 (0x5)
[0531/104703.177:ERROR:process_reader_win.cc(142)] SuspendThread: 拒绝访问。 (0x5)
[0531/104703.177:ERROR:process_reader_win.cc(142)] SuspendThread: 拒绝访问。 (0x5)
[0531/104703.177:ERROR:process_reader_win.cc(142)] SuspendThread: 拒绝访问。 (0x5)
[0531/104703.177:ERROR:process_reader_win.cc(142)] SuspendThread: 拒绝访问。 (0x5)
[0531/104703.177:ERROR:process_reader_win.cc(142)] SuspendThread: 拒绝访问。 (0x5)
[0531/104703.177:ERROR:process_reader_win.cc(142)] SuspendThread: 拒绝访问。 (0x5)
[0531/104703.177:ERROR:process_reader_win.cc(142)] SuspendThread: 拒绝访问。 (0x5)
[0531/104703.186:ERROR:process_reader_win.cc(233)] ReadMemory at 0x5850048 of 32768 bytes failed: 仅完成部分的 ReadProcessMemory 或 WriteProcessMemory 请求。 (0x12B)
[0531/104703.186:WARNING:pe_image_annotations_reader.cc(65)] could not read simple annotations from C:\Program Files (x86)\Google\Chrome\Application\57.0.2987.133\chrome_elf.dll
[0531/105206.177:ERROR:process_info.cc(343)] VirtualQueryEx: 拒绝访问。 (0x5)
[0531/105206.177:ERROR:process_info.cc(564)] ReadMemoryInfo failed
[0531/105206.180:ERROR:process_reader_win.cc(142)] SuspendThread: 拒绝访问。 (0x5)
[0531/105206.180:ERROR:exception_snapshot_win.cc(87)] thread ID 10148 not found in process
[0531/105206.180:WARNING:crash_report_exception_handler.cc(60)] ProcessSnapshotWin::Initialize failed
[0531/105206.180:ERROR:scoped_process_suspend.cc(38)] NtResumeProcess: 已尝试访问正在退出的过程。  (0xc000010a)
[0531/110047.863:ERROR:process_reader_win.cc(233)] ReadMemory at 0x5b70048 of 32768 bytes failed: 仅完成部分的 ReadProcessMemory 或 WriteProcessMemory 请求。 (0x12B)
[0531/110047.863:WARNING:pe_image_annotations_reader.cc(65)] could not read simple annotations from C:\Program Files (x86)\Google\Chrome\Application\57.0.2987.133\chrome_elf.dll
[0531/145658.988:ERROR:process_reader_win.cc(233)] ReadMemory at 0x5c40048 of 32768 bytes failed: 仅完成部分的 ReadProcessMemory 或 WriteProcessMemory 请求。 (0x12B)
[0531/145658.989:WARNING:pe_image_annotations_reader.cc(65)] could not read simple annotations from C:\Program Files (x86)\Google\Chrome\Application\57.0.2987.133\chrome_elf.dll
[0531/145659.014:ERROR:process_reader_win.cc(233)] ReadMemory at 0x4ef6000 of 40960 bytes failed: 仅完成部分的 ReadProcessMemory 或 WriteProcessMemory 请求。 (0x12B)
[0531/145659.014:ERROR:crash_report_exception_handler.cc(111)] WriteEverything failed
[0531/145659.015:ERROR:scoped_process_suspend.cc(38)] NtResumeProcess: 已尝试访问正在退出的过程。  (0xc000010a)
[0531/171838.527:ERROR:process_reader_win.cc(233)] ReadMemory at 0x5990048 of 32768 bytes failed: 仅完成部分的 ReadProcessMemory 或 WriteProcessMemory 请求。 (0x12B)
[0531/171838.528:WARNING:pe_image_annotations_reader.cc(65)] could not read simple annotations from C:\Program Files (x86)\Google\Chrome\Application\57.0.2987.133\chrome_elf.dll
[0531/171838.557:ERROR:process_reader_win.cc(233)] ReadMemory at 0x4cf3000 of 53248 bytes failed: 仅完成部分的 ReadProcessMemory 或 WriteProcessMemory 请求。 (0x12B)
[0531/171838.557:ERROR:crash_report_exception_handler.cc(111)] WriteEverything failed
[0531/171838.557:ERROR:scoped_process_suspend.cc(38)] NtResumeProcess: 已尝试访问正在退出的过程。  (0xc000010a)
